<?xml version="1.0" encoding="UTF-8"?>
<!-- Generated by org.testng.reporters.JUnitReportReporter -->
<testsuite hostname="jcdeMacBook-Pro.local" name="com.netease.InterfaceTestStudy.MyTestngDemo" tests="1" failures="0" timestamp="15 Dec 2015 07:47:00 GMT" time="0.540" errors="0">
  <testcase name="testGet" time="0.540" classname="com.netease.InterfaceTestStudy.MyTestngDemo"/>
</testsuite> <!-- com.netease.InterfaceTestStudy.MyTestngDemo -->
