<?xml version="1.0" encoding="UTF-8"?>
<!-- Generated by org.testng.reporters.JUnitReportReporter -->
<testsuite hostname="jcdeMacBook-Pro.local" name="com.netease.InterfaceTestStudy.MyFristTestNGTest" tests="1" failures="0" timestamp="1 Nov 2015 07:30:05 GMT" time="0.087" errors="0">
  <testcase name="statAd" time="0.087" classname="com.netease.InterfaceTestStudy.MyFristTestNGTest"/>
</testsuite> <!-- com.netease.InterfaceTestStudy.MyFristTestNGTest -->
